Time resolution is 1 ps
Test   1 passed
Test   2 passed
Test   3 passed
Test   4 passed
Test   5 passed
Test   6 passed
Test   7 passed
Test   8 passed
Test   9 passed
Test  10 passed
Basic tests passed
Test  11 passed
[ERROR] reference:	1.471869e-38 - 2.081222e-38 = -6.093525e-39
[ERROR] but yours:	1.471869e-38 - 2.081222e-38 = -4.321072e-40
Test  12 failed
$finish called at time : 867 ns : File "N:/Study/Coding/RISC-V/lab2_stu/fp_unit/fp_unit.srcs/sim_1/new/fpu_tb.sv" Line 102
